2019-10-06 23:41:16,000 INFO o.a.j.u.JMeterUtils: Setting Locale to en_EN
2019-10-06 23:41:16,020 INFO o.a.j.JMeter: Loading user properties from: /home/caio/apache-jmeter-5.1.1/bin/user.properties
2019-10-06 23:41:16,021 INFO o.a.j.JMeter: Loading system properties from: /home/caio/apache-jmeter-5.1.1/bin/system.properties
2019-10-06 23:41:16,026 INFO o.a.j.JMeter: Copyright (c) 1998-2019 The Apache Software Foundation
2019-10-06 23:41:16,026 INFO o.a.j.JMeter: Version 5.1.1 r1855137
2019-10-06 23:41:16,027 INFO o.a.j.JMeter: java.version=11.0.4
2019-10-06 23:41:16,027 INFO o.a.j.JMeter: java.vm.name=OpenJDK 64-Bit Server VM
2019-10-06 23:41:16,027 INFO o.a.j.JMeter: os.name=Linux
2019-10-06 23:41:16,027 INFO o.a.j.JMeter: os.arch=amd64
2019-10-06 23:41:16,027 INFO o.a.j.JMeter: os.version=5.0.0-29-generic
2019-10-06 23:41:16,027 INFO o.a.j.JMeter: file.encoding=UTF-8
2019-10-06 23:41:16,027 INFO o.a.j.JMeter: java.awt.headless=null
2019-10-06 23:41:16,027 INFO o.a.j.JMeter: Max memory     =1073741824
2019-10-06 23:41:16,027 INFO o.a.j.JMeter: Available Processors =8
2019-10-06 23:41:16,036 INFO o.a.j.JMeter: Default Locale=English (EN)
2019-10-06 23:41:16,036 INFO o.a.j.JMeter: JMeter  Locale=English (EN)
2019-10-06 23:41:16,036 INFO o.a.j.JMeter: JMeterHome=/home/caio/apache-jmeter-5.1.1
2019-10-06 23:41:16,036 INFO o.a.j.JMeter: user.dir  =/home/caio/workspace/caioeps/tcc_ufc
2019-10-06 23:41:16,036 INFO o.a.j.JMeter: PWD       =/home/caio/workspace/caioeps/tcc_ufc
2019-10-06 23:41:16,037 INFO o.a.j.JMeter: IP: 127.0.1.1 Name: caio-Inspiron-7580 FullName: caio-Inspiron-7580
